[0.470s] Invoking command in '/home/gelonch/Documents/ROS2-WRK/awake/f1tenth/src/f1tenth_gym_ros': PYTHONPATH=/home/gelonch/Documents/ROS2-WRK/awake/f1tenth/build/f1tenth_gym_ros/prefix_override:/usr/lib/python3/dist-packages/colcon_core/task/python/colcon_distutils_commands:/home/gelonch/Documents/ROS2-WRK/awake/f1tenth/install/f1tenth_gym_ros/lib/python3.10/site-packages:${PYTHONPATH} /usr/bin/python3 -W ignore:setup.py install is deprecated setup.py egg_info --egg-base ../../build/f1tenth_gym_ros build --build-base /home/gelonch/Documents/ROS2-WRK/awake/f1tenth/build/f1tenth_gym_ros/build install --record /home/gelonch/Documents/ROS2-WRK/awake/f1tenth/build/f1tenth_gym_ros/install.log --single-version-externally-managed install_data
[0.643s] running egg_info
[0.643s] writing ../../build/f1tenth_gym_ros/f1tenth_gym_ros.egg-info/PKG-INFO
[0.644s] writing dependency_links to ../../build/f1tenth_gym_ros/f1tenth_gym_ros.egg-info/dependency_links.txt
[0.644s] writing entry points to ../../build/f1tenth_gym_ros/f1tenth_gym_ros.egg-info/entry_points.txt
[0.644s] writing requirements to ../../build/f1tenth_gym_ros/f1tenth_gym_ros.egg-info/requires.txt
[0.644s] writing top-level names to ../../build/f1tenth_gym_ros/f1tenth_gym_ros.egg-info/top_level.txt
[0.645s] reading manifest file '../../build/f1tenth_gym_ros/f1tenth_gym_ros.egg-info/SOURCES.txt'
[0.649s] adding license file 'LICENSE'
[0.650s] writing manifest file '../../build/f1tenth_gym_ros/f1tenth_gym_ros.egg-info/SOURCES.txt'
[0.650s] running build
[0.650s] running build_py
[0.650s] running install
[0.650s] running install_lib
[0.652s] running install_data
[0.652s] copying config/sim.yaml -> /home/gelonch/Documents/ROS2-WRK/awake/f1tenth/install/f1tenth_gym_ros/share/f1tenth_gym_ros/config
[0.652s] running install_egg_info
[0.653s] removing '/home/gelonch/Documents/ROS2-WRK/awake/f1tenth/install/f1tenth_gym_ros/lib/python3.10/site-packages/f1tenth_gym_ros-0.0.0-py3.10.egg-info' (and everything under it)
[0.654s] Copying ../../build/f1tenth_gym_ros/f1tenth_gym_ros.egg-info to /home/gelonch/Documents/ROS2-WRK/awake/f1tenth/install/f1tenth_gym_ros/lib/python3.10/site-packages/f1tenth_gym_ros-0.0.0-py3.10.egg-info
[0.654s] running install_scripts
[0.668s] Installing gym_bridge script to /home/gelonch/Documents/ROS2-WRK/awake/f1tenth/install/f1tenth_gym_ros/lib/f1tenth_gym_ros
[0.668s] writing list of installed files to '/home/gelonch/Documents/ROS2-WRK/awake/f1tenth/build/f1tenth_gym_ros/install.log'
[0.683s] Invoked command in '/home/gelonch/Documents/ROS2-WRK/awake/f1tenth/src/f1tenth_gym_ros' returned '0': PYTHONPATH=/home/gelonch/Documents/ROS2-WRK/awake/f1tenth/build/f1tenth_gym_ros/prefix_override:/usr/lib/python3/dist-packages/colcon_core/task/python/colcon_distutils_commands:/home/gelonch/Documents/ROS2-WRK/awake/f1tenth/install/f1tenth_gym_ros/lib/python3.10/site-packages:${PYTHONPATH} /usr/bin/python3 -W ignore:setup.py install is deprecated setup.py egg_info --egg-base ../../build/f1tenth_gym_ros build --build-base /home/gelonch/Documents/ROS2-WRK/awake/f1tenth/build/f1tenth_gym_ros/build install --record /home/gelonch/Documents/ROS2-WRK/awake/f1tenth/build/f1tenth_gym_ros/install.log --single-version-externally-managed install_data
